[debug] [2020-07-06T16:49:09.293Z] ----------------------------------------------------------------------
[debug] [2020-07-06T16:49:09.296Z] Command:       /usr/local/nvm/versions/node/v10.14.2/bin/node /usr/local/nvm/versions/node/v10.14.2/bin/firebase init
[debug] [2020-07-06T16:49:09.296Z] CLI Version:   8.4.3
[debug] [2020-07-06T16:49:09.296Z] Platform:      linux
[debug] [2020-07-06T16:49:09.296Z] Node Version:  v10.14.2
[debug] [2020-07-06T16:49:09.299Z] Time:          Mon Jul 06 2020 16:49:09 GMT+0000 (Coordinated Universal Time)
[debug] [2020-07-06T16:49:09.299Z] ----------------------------------------------------------------------
[debug] [2020-07-06T16:49:09.299Z] 
[debug] [2020-07-06T16:49:09.307Z] > command requires scopes: ["email","openid","https://www.googleapis.com/auth/cloudplatformprojects.readonly","https://www.googleapis.com/auth/firebase","https://www.googleapis.com/auth/cloud-platform"]
[debug] [2020-07-06T16:49:09.307Z] > authorizing via signed-in user
[info] 
     ######## #### ########  ######## ########     ###     ######  ########
     ##        ##  ##     ## ##       ##     ##  ##   ##  ##       ##
     ######    ##  ########  ######   ########  #########  ######  ######
     ##        ##  ##    ##  ##       ##     ## ##     ##       ## ##
     ##       #### ##     ## ######## ########  ##     ##  ######  ########

You're about to initialize a Firebase project in this directory:

  /home/emmapaczkowski/step124-2020/where-to-travel

[debug] [2020-07-06T17:23:58.146Z] TypeError: Cannot read property 'setRawMode' of null
    at ReadStream.setRawMode (tty.js:66:28)
    at Interface._setRawMode (readline.js:251:16)
    at Interface.close (readline.js:376:10)
    at ReadStream.ontermend (readline.js:164:10)
    at ReadStream.emit (events.js:187:15)
    at ReadStream.EventEmitter.emit (domain.js:441:20)
    at endReadableNT (_stream_readable.js:1094:12)
    at process._tickCallback (internal/process/next_tick.js:63:19)
